[Fri Apr 15 2022 12:03:10 GMT+0300 (Eastern European Summer Time)] Error message: i hate my life, User: akea, Staff User: dakata
[Fri Apr 15 2022 12:13:27 GMT+0300 (Eastern European Summer Time)] Error message: i hate my life, User: akea, Staff User: dakata
[Fri Apr 15 2022 14:37:27 GMT+0300 (Eastern European Summer Time)] Error message: Assignment to constant variable., User: akea, Staff User: dakata
[Fri Apr 15 2022 14:37:48 GMT+0300 (Eastern European Summer Time)] Error message: Assignment to constant variable., User: akea, Staff User: dakata
[Fri Apr 15 2022 14:38:15 GMT+0300 (Eastern European Summer Time)] Error message: Assignment to constant variable., User: akea, Staff User: dakata
[Fri Apr 15 2022 14:38:17 GMT+0300 (Eastern European Summer Time)] Error message: Assignment to constant variable., User: akea, Staff User: dakata
[Fri Apr 15 2022 14:38:18 GMT+0300 (Eastern European Summer Time)] Error message: Assignment to constant variable., User: akea, Staff: dakata
[Mon Apr 18 2022 11:57:18 GMT+0300 (Eastern European Summer Time)] Error message: relation "accounts" does not exist, User: Diyana, Staff User: dakata
[Mon Apr 18 2022 11:57:18 GMT+0300 (Eastern European Summer Time)] Error message: relation "accounts" does not exist, User: Diyana, Staff User: dakata
[Mon Apr 18 2022 17:05:15 GMT+0300 (Eastern European Summer Time)] Error message: utilsEcom is not defined, User: Diyana, Staff User: dakata
[Mon Apr 18 2022 17:05:29 GMT+0300 (Eastern European Summer Time)] Error message: utilsEcom is not defined, User: Diyana, Staff User: dakata
[Mon Apr 18 2022 17:05:49 GMT+0300 (Eastern European Summer Time)] Error message: utilsEcom is not defined, User: Diyana, Staff User: dakata
[Mon Apr 18 2022 17:06:54 GMT+0300 (Eastern European Summer Time)] Error message: order is not defined, User: Diyana, Staff User: dakata
[Mon Apr 18 2022 17:07:43 GMT+0300 (Eastern European Summer Time)] Error message: order is not defined, User: Diyana, Staff User: dakata
[Mon Apr 18 2022 17:29:59 GMT+0300 (Eastern European Summer Time)] Error message: order is not defined, User: Diyana, Staff User: dakata
[Mon Apr 18 2022 17:30:24 GMT+0300 (Eastern European Summer Time)] Error message: order is not defined, User: Diyana, Staff User: dakata
[Mon Apr 18 2022 17:30:37 GMT+0300 (Eastern European Summer Time)] Error message: order is not defined, User: Diyana, Staff User: dakata
[Mon Apr 18 2022 17:30:56 GMT+0300 (Eastern European Summer Time)] Error message: order is not defined, User: Diyana, Staff User: dakata
[Mon Apr 18 2022 17:33:59 GMT+0300 (Eastern European Summer Time)] Error message: order is not defined, User: Diyana, Staff User: dakata
[Mon Apr 18 2022 17:47:29 GMT+0300 (Eastern European Summer Time)] Error message: order is not defined, User: akea, Staff User: dakata
[Mon Apr 18 2022 17:48:48 GMT+0300 (Eastern European Summer Time)] Error message: utilsEcom is not defined, User: akea, Staff User: dakata
